<?xml version="1.0" encoding="UTF-8"?>
<!-- Generated by org.testng.reporters.JUnitXMLReporter -->
<testsuite ignored="0" hostname="Simriks-MacBook-Pro.local" failures="0" tests="2" name="Demo Qa Home Page Test" time="21.166" errors="0" timestamp="2026-02-15T21:01:44 MST">
  <testcase classname="com.qa.demoqa.tests.HomePageTest" name="getHomeUrl" time="0.019"/>
  <testcase classname="com.qa.demoqa.tests.HomePageTest" name="getPageTitle" time="0.441"/>
</testsuite> <!-- Demo Qa Home Page Test -->
