<?xml version="1.0" encoding="UTF-8"?>
<testng-results ignored="0" total="3" passed="3" failed="0" skipped="0">
  <reporter-output>
  </reporter-output>
  <suite started-at="2026-02-15T21:01:18 MST" name="Demo Qa Regression PW Suite" finished-at="2026-02-15T21:02:03 MST" duration-ms="45401">
    <groups>
    </groups>
    <test started-at="2026-02-15T21:01:18 MST" name="Demo Qa Home Page Test" finished-at="2026-02-15T21:01:39 MST" duration-ms="21166">
      <class name="com.qa.demoqa.tests.HomePageTest">
        <test-method is-config="true" signature="setup()[pri:0, instance:com.qa.demoqa.tests.HomePageTest@6fe7aac8]" started-at="2026-02-15T21:01:18 MST" name="setup" finished-at="2026-02-15T21:01:27 MST" duration-ms="9276" status="PASS">
          <reporter-output>
          </reporter-output>
        </test-method> <!-- setup -->
        <test-method signature="getHomeUrl()[pri:1, instance:com.qa.demoqa.tests.HomePageTest@6fe7aac8]" started-at="2026-02-15T21:01:27 MST" name="getHomeUrl" finished-at="2026-02-15T21:01:27 MST" duration-ms="19" status="PASS">
          <reporter-output>
          </reporter-output>
        </test-method> <!-- getHomeUrl -->
        <test-method signature="getPageTitle()[pri:2, instance:com.qa.demoqa.tests.HomePageTest@6fe7aac8]" started-at="2026-02-15T21:01:31 MST" name="getPageTitle" finished-at="2026-02-15T21:01:31 MST" duration-ms="441" status="PASS">
          <reporter-output>
          </reporter-output>
        </test-method> <!-- getPageTitle -->
        <test-method is-config="true" signature="teardown()[pri:0, instance:com.qa.demoqa.tests.HomePageTest@6fe7aac8]" started-at="2026-02-15T21:01:38 MST" name="teardown" finished-at="2026-02-15T21:01:39 MST" duration-ms="682" status="PASS">
          <reporter-output>
          </reporter-output>
        </test-method> <!-- teardown -->
      </class> <!-- com.qa.demoqa.tests.HomePageTest -->
    </test> <!-- Demo Qa Home Page Test -->
    <test started-at="2026-02-15T21:01:18 MST" name="Demo Qa Login Page" finished-at="2026-02-15T21:02:03 MST" duration-ms="45400">
      <class name="com.qa.demoqa.tests.ElementPageTest">
        <test-method is-config="true" signature="setup()[pri:0, instance:com.qa.demoqa.tests.ElementPageTest@795cd85e]" started-at="2026-02-15T21:01:18 MST" name="setup" finished-at="2026-02-15T21:01:27 MST" duration-ms="9637" status="PASS">
          <reporter-output>
          </reporter-output>
        </test-method> <!-- setup -->
        <test-method signature="clickElementAndEnterUserDetails(java.lang.String)[pri:3, instance:com.qa.demoqa.tests.ElementPageTest@795cd85e]" started-at="2026-02-15T21:01:27 MST" name="clickElementAndEnterUserDetails" data-provider="getTestData" finished-at="2026-02-15T21:02:00 MST" duration-ms="32921" status="PASS">
          <params>
            <param index="0">
              <value>
                <![CDATA[Testing]]>
              </value>
            </param>
          </params>
          <reporter-output>
          </reporter-output>
        </test-method> <!-- clickElementAndEnterUserDetails -->
        <test-method is-config="true" signature="teardown()[pri:0, instance:com.qa.demoqa.tests.ElementPageTest@795cd85e]" started-at="2026-02-15T21:02:01 MST" name="teardown" finished-at="2026-02-15T21:02:03 MST" duration-ms="1674" status="PASS">
          <reporter-output>
          </reporter-output>
        </test-method> <!-- teardown -->
      </class> <!-- com.qa.demoqa.tests.ElementPageTest -->
    </test> <!-- Demo Qa Login Page -->
  </suite> <!-- Demo Qa Regression PW Suite -->
</testng-results>
