<?xml version="1.0" encoding="UTF-8"?>
<!-- Generated by org.testng.reporters.JUnitReportReporter -->
<testsuite hostname="Simriks-MacBook-Pro.local" failures="0" tests="2" name="com.qa.demoqa.tests.HomePageTest" time="0.460" errors="0" timestamp="2026-02-15T21:02:03 MST" skipped="0">
  <testcase classname="com.qa.demoqa.tests.HomePageTest" name="getHomeUrl" time="0.019"/>
  <system-out/>
  <testcase classname="com.qa.demoqa.tests.HomePageTest" name="getPageTitle" time="0.441"/>
  <system-out/>
</testsuite> <!-- com.qa.demoqa.tests.HomePageTest -->
